2023-03-28 16:56:16.894  INFO 13292 --- [main] ru.academits.PhonebookSpringApplication  : Starting PhonebookSpringApplication using Java 19.0.2 on DESKTOP-IF2RP6D with PID 13292 (G:\programming\projects\ServerDevelopment\PhonebookSpring\target\classes started by namat in G:\programming\projects\ServerDevelopment\PhonebookSpring)
2023-03-28 16:56:16.907 DEBUG 13292 --- [main] ru.academits.PhonebookSpringApplication  : Running with Spring Boot v2.7.9, Spring v5.3.25
2023-03-28 16:56:16.907  INFO 13292 --- [main] ru.academits.PhonebookSpringApplication  : No active profile set, falling back to 1 default profile: "default"
2023-03-28 16:56:18.123  INFO 13292 --- [scheduling-1] ru.academits.service.ContactService      : all contacts received
2023-03-28 16:56:18.126  INFO 13292 --- [main] ru.academits.PhonebookSpringApplication  : Started PhonebookSpringApplication in 1.51 seconds (JVM running for 1.933)
2023-03-28 16:56:18.448  INFO 13292 --- [RMI TCP Connection(3)-10.8.0.26] o.s.web.servlet.DispatcherServlet        : Initializing Servlet 'dispatcherServlet'
2023-03-28 16:56:18.449  INFO 13292 --- [RMI TCP Connection(3)-10.8.0.26] o.s.web.servlet.DispatcherServlet        : Completed initialization in 1 ms
2023-03-28 16:56:23.137  INFO 13292 --- [scheduling-1] ru.academits.service.ContactService      : all contacts received
2023-03-28 16:56:27.734  INFO 13292 --- [http-nio-8080-exec-2] ru.academits.service.ContactService      : all contacts received
2023-03-28 16:56:28.126  INFO 13292 --- [scheduling-1] ru.academits.service.ContactService      : all contacts received
2023-03-28 16:56:33.137  INFO 13292 --- [scheduling-1] ru.academits.service.ContactService      : all contacts received
2023-03-28 16:56:38.126  INFO 13292 --- [scheduling-1] ru.academits.service.ContactService      : all contacts received
2023-03-28 16:56:43.131  INFO 13292 --- [scheduling-1] ru.academits.service.ContactService      : all contacts received
2023-03-28 16:56:46.001  INFO 7308 --- [main] ru.academits.PhonebookSpringApplication  : Starting PhonebookSpringApplication using Java 19.0.2 on DESKTOP-IF2RP6D with PID 7308 (G:\programming\projects\ServerDevelopment\PhonebookSpring\target\classes started by namat in G:\programming\projects\ServerDevelopment\PhonebookSpring)
2023-03-28 16:56:46.003 DEBUG 7308 --- [main] ru.academits.PhonebookSpringApplication  : Running with Spring Boot v2.7.9, Spring v5.3.25
2023-03-28 16:56:46.003  INFO 7308 --- [main] ru.academits.PhonebookSpringApplication  : No active profile set, falling back to 1 default profile: "default"
2023-03-28 16:56:47.086  INFO 7308 --- [scheduling-1] ru.academits.service.ContactService      : all contacts received
2023-03-28 16:56:47.087  INFO 7308 --- [scheduling-1] ru.academits.service.ContactService      : contacts deleted
2023-03-28 16:56:47.088  INFO 7308 --- [main] ru.academits.PhonebookSpringApplication  : Started PhonebookSpringApplication in 1.332 seconds (JVM running for 1.688)
2023-03-28 16:56:47.527  INFO 7308 --- [RMI TCP Connection(2)-10.8.0.26] o.s.web.servlet.DispatcherServlet        : Initializing Servlet 'dispatcherServlet'
2023-03-28 16:56:47.527  INFO 7308 --- [RMI TCP Connection(2)-10.8.0.26] o.s.web.servlet.DispatcherServlet        : Completed initialization in 0 ms
2023-03-28 16:56:52.088  INFO 7308 --- [scheduling-1] ru.academits.service.ContactService      : all contacts received
2023-03-28 16:56:52.088  INFO 7308 --- [scheduling-1] ru.academits.service.ContactService      : contacts deleted
2023-03-28 16:56:57.096  INFO 7308 --- [scheduling-1] ru.academits.service.ContactService      : all contacts received
2023-03-28 16:56:57.096  INFO 7308 --- [scheduling-1] ru.academits.service.ContactService      : contacts deleted
2023-03-28 16:56:57.532  INFO 7308 --- [http-nio-8080-exec-2] ru.academits.service.ContactService      : all contacts received
2023-03-28 16:56:59.043  INFO 7308 --- [http-nio-8080-exec-4] ru.academits.service.ContactService      : all contacts received
2023-03-28 16:57:02.101  INFO 7308 --- [scheduling-1] ru.academits.service.ContactService      : all contacts received
2023-03-28 16:57:07.021  INFO 12776 --- [main] ru.academits.PhonebookSpringApplication  : Starting PhonebookSpringApplication using Java 19.0.2 on DESKTOP-IF2RP6D with PID 12776 (G:\programming\projects\ServerDevelopment\PhonebookSpring\target\classes started by namat in G:\programming\projects\ServerDevelopment\PhonebookSpring)
2023-03-28 16:57:07.023 DEBUG 12776 --- [main] ru.academits.PhonebookSpringApplication  : Running with Spring Boot v2.7.9, Spring v5.3.25
2023-03-28 16:57:07.023  INFO 12776 --- [main] ru.academits.PhonebookSpringApplication  : No active profile set, falling back to 1 default profile: "default"
2023-03-28 16:57:08.090  INFO 12776 --- [scheduling-1] ru.academits.service.ContactService      : all contacts received
2023-03-28 16:57:08.090  INFO 12776 --- [scheduling-1] ru.academits.service.ContactService      : contacts deleted
2023-03-28 16:57:08.093  INFO 12776 --- [main] ru.academits.PhonebookSpringApplication  : Started PhonebookSpringApplication in 1.301 seconds (JVM running for 1.652)
2023-03-28 16:57:08.543  INFO 12776 --- [RMI TCP Connection(3)-10.8.0.26] o.s.web.servlet.DispatcherServlet        : Initializing Servlet 'dispatcherServlet'
2023-03-28 16:57:08.544  INFO 12776 --- [RMI TCP Connection(3)-10.8.0.26] o.s.web.servlet.DispatcherServlet        : Completed initialization in 1 ms
2023-03-28 16:57:08.654  INFO 12776 --- [http-nio-8080-exec-2] ru.academits.service.ContactService      : all contacts received
2023-03-28 16:57:09.754  INFO 12776 --- [http-nio-8080-exec-4] ru.academits.service.ContactService      : all contacts received
2023-03-28 16:57:10.535  INFO 12776 --- [http-nio-8080-exec-6] ru.academits.service.ContactService      : all contacts received
